# JRE version: OpenJDK Runtime Environment (21.0.6) (build 21.0.6+-13391695-b895.109)
# Java VM: OpenJDK 64-Bit Server VM (21.0.6+-13391695-b895.109, mixed mode, tiered, compressed oops, compressed class ptrs, g1 gc, windows-amd64)
GC Precious Log:
 CardTable entry size: 512
 Card Set container configuration: InlinePtr #cards 5 size 8 Array Of Cards #cards 12 size 40 Howl #buckets 4 coarsen threshold 1843 Howl Bitmap #cards 512 size 80 coarsen threshold 460 Card regions per heap region 1 cards per card region 2048
 CPUs: 8 total, 8 available
 Memory: 16276M
 Large Page Support: Disabled
 NUMA Support: Disabled
 Compressed Oops: Enabled (32-bit)
 Heap Region Size: 1M
 Heap Min Capacity: 8M
 Heap Initial Capacity: 256M
 Heap Max Capacity: 2G
 Pre-touch: Disabled
 Parallel Workers: 8
 Concurrent Workers: 2
 Concurrent Refinement Workers: 8
 Periodic GC: Disabled
Heap:
 garbage-first heap   total 363520K, used 252043K [0x0000000080000000, 0x0000000100000000)
  region size 1024K, 43 young (44032K), 8 survivors (8192K)
 Metaspace       used 131663K, committed 136384K, reserved 1179648K
  class space    used 16909K, committed 18688K, reserved 1048576K
GC Heap History (20 events):
Event: 28.058 GC heap before
{Heap before GC invocations=61 (full 0):
 garbage-first heap   total 281600K, used 255260K [0x0000000080000000, 0x0000000100000000)
  region size 1024K, 90 young (92160K), 9 survivors (9216K)
 Metaspace       used 125886K, committed 128256K, reserved 1179648K
  class space    used 16799K, committed 17984K, reserved 1048576K
}
Event: 28.068 GC heap after
{Heap after GC invocations=62 (full 0):
 garbage-first heap   total 281600K, used 175164K [0x0000000080000000, 0x0000000100000000)
  region size 1024K, 10 young (10240K), 10 survivors (10240K)
 Metaspace       used 125886K, committed 128256K, reserved 1179648K
  class space    used 16799K, committed 17984K, reserved 1048576K
}
Event: 28.906 GC heap before
{Heap before GC invocations=62 (full 0):
 garbage-first heap   total 281600K, used 254012K [0x0000000080000000, 0x0000000100000000)
  region size 1024K, 88 young (90112K), 10 survivors (10240K)
 Metaspace       used 126058K, committed 128448K, reserved 1179648K
  class space    used 16811K, committed 17984K, reserved 1048576K
}
Event: 28.914 GC heap after
{Heap after GC invocations=63 (full 0):
 garbage-first heap   total 281600K, used 178009K [0x0000000080000000, 0x0000000100000000)
  region size 1024K, 6 young (6144K), 6 survivors (6144K)
 Metaspace       used 126058K, committed 128448K, reserved 1179648K
  class space    used 16811K, committed 17984K, reserved 1048576K
}
Event: 29.391 GC heap before
{Heap before GC invocations=64 (full 0):
 garbage-first heap   total 299008K, used 256857K [0x0000000080000000, 0x0000000100000000)
  region size 1024K, 84 young (86016K), 6 survivors (6144K)
 Metaspace       used 126074K, committed 128448K, reserved 1179648K
  class space    used 16811K, committed 17984K, reserved 1048576K
}
Event: 29.396 GC heap after
{Heap after GC invocations=65 (full 0):
 garbage-first heap   total 299008K, used 179832K [0x0000000080000000, 0x0000000100000000)
  region size 1024K, 8 young (8192K), 8 survivors (8192K)
 Metaspace       used 126074K, committed 128448K, reserved 1179648K
  class space    used 16811K, committed 17984K, reserved 1048576K
}
Event: 29.661 GC heap before
{Heap before GC invocations=65 (full 0):
 garbage-first heap   total 299008K, used 271992K [0x0000000080000000, 0x0000000100000000)
  region size 1024K, 99 young (101376K), 8 survivors (8192K)
 Metaspace       used 126079K, committed 128448K, reserved 1179648K
  class space    used 16811K, committed 17984K, reserved 1048576K
}
Event: 29.675 GC heap after
{Heap after GC invocations=66 (full 0):
 garbage-first heap   total 359424K, used 178621K [0x0000000080000000, 0x0000000100000000)
  region size 1024K, 7 young (7168K), 7 survivors (7168K)
 Metaspace       used 126079K, committed 128448K, reserved 1179648K
  class space    used 16811K, committed 17984K, reserved 1048576K
}
Event: 31.015 GC heap before
{Heap before GC invocations=66 (full 0):
 garbage-first heap   total 359424K, used 331197K [0x0000000080000000, 0x0000000100000000)
  region size 1024K, 157 young (160768K), 7 survivors (7168K)
 Metaspace       used 126213K, committed 128576K, reserved 1179648K
  class space    used 16825K, committed 17984K, reserved 1048576K
}
Event: 31.026 GC heap after
{Heap after GC invocations=67 (full 0):
 garbage-first heap   total 359424K, used 182696K [0x0000000080000000, 0x0000000100000000)
  region size 1024K, 11 young (11264K), 11 survivors (11264K)
 Metaspace       used 126213K, committed 128576K, reserved 1179648K
  class space    used 16825K, committed 17984K, reserved 1048576K
}
Event: 31.707 GC heap before
{Heap before GC invocations=67 (full 0):
 garbage-first heap   total 359424K, used 327080K [0x0000000080000000, 0x0000000100000000)
  region size 1024K, 153 young (156672K), 11 survivors (11264K)
 Metaspace       used 126234K, committed 128576K, reserved 1179648K
  class space    used 16825K, committed 17984K, reserved 1048576K
}
Event: 31.716 GC heap after
{Heap after GC invocations=68 (full 0):
 garbage-first heap   total 359424K, used 186611K [0x0000000080000000, 0x0000000100000000)
  region size 1024K, 13 young (13312K), 13 survivors (13312K)
 Metaspace       used 126234K, committed 128576K, reserved 1179648K
  class space    used 16825K, committed 17984K, reserved 1048576K
}
Event: 1473.671 GC heap before
{Heap before GC invocations=68 (full 0):
 garbage-first heap   total 359424K, used 324851K [0x0000000080000000, 0x0000000100000000)
  region size 1024K, 149 young (152576K), 13 survivors (13312K)
 Metaspace       used 133019K, committed 135424K, reserved 1179648K
  class space    used 17440K, committed 18624K, reserved 1048576K
}
Event: 1473.756 GC heap after
{Heap after GC invocations=69 (full 0):
 garbage-first heap   total 359424K, used 189693K [0x0000000080000000, 0x0000000100000000)
  region size 1024K, 11 young (11264K), 11 survivors (11264K)
 Metaspace       used 133019K, committed 135424K, reserved 1179648K
  class space    used 17440K, committed 18624K, reserved 1048576K
}
Event: 1826.733 GC heap before
{Heap before GC invocations=70 (full 0):
 garbage-first heap   total 359424K, used 326909K [0x0000000080000000, 0x0000000100000000)
  region size 1024K, 146 young (149504K), 11 survivors (11264K)
 Metaspace       used 133518K, committed 135872K, reserved 1179648K
  class space    used 17447K, committed 18624K, reserved 1048576K
}
Event: 1826.754 GC heap after
{Heap after GC invocations=71 (full 0):
 garbage-first heap   total 359424K, used 200914K [0x0000000080000000, 0x0000000100000000)
  region size 1024K, 19 young (19456K), 19 survivors (19456K)
 Metaspace       used 133518K, committed 135872K, reserved 1179648K
  class space    used 17447K, committed 18624K, reserved 1048576K
}
Event: 1827.935 GC heap before
{Heap before GC invocations=71 (full 0):
 garbage-first heap   total 359424K, used 318674K [0x0000000080000000, 0x0000000100000000)
  region size 1024K, 135 young (138240K), 19 survivors (19456K)
 Metaspace       used 133693K, committed 136064K, reserved 1179648K
  class space    used 17449K, committed 18624K, reserved 1048576K
}
Event: 1827.961 GC heap after
{Heap after GC invocations=72 (full 0):
 garbage-first heap   total 359424K, used 210440K [0x0000000080000000, 0x0000000100000000)
  region size 1024K, 11 young (11264K), 11 survivors (11264K)
 Metaspace       used 133693K, committed 136064K, reserved 1179648K
  class space    used 17449K, committed 18624K, reserved 1048576K
}
Event: 1851.941 GC heap before
{Heap before GC invocations=72 (full 0):
 garbage-first heap   total 359424K, used 327176K [0x0000000080000000, 0x0000000100000000)
  region size 1024K, 126 young (129024K), 11 survivors (11264K)
 Metaspace       used 133903K, committed 136384K, reserved 1179648K
  class space    used 17452K, committed 18688K, reserved 1048576K
}
Event: 1851.957 GC heap after
{Heap after GC invocations=73 (full 0):
 garbage-first heap   total 359424K, used 217227K [0x0000000080000000, 0x0000000100000000)
  region size 1024K, 8 young (8192K), 8 survivors (8192K)
 Metaspace       used 133903K, committed 136384K, reserved 1179648K
  class space    used 17452K, committed 18688K, reserved 1048576K
}

