# JRE version: OpenJDK Runtime Environment (21.0.5) (build 21.0.5+-13047016-b750.29)
# Java VM: OpenJDK 64-Bit Server VM (21.0.5+-13047016-b750.29, mixed mode, tiered, compressed oops, compressed class ptrs, g1 gc, windows-amd64)
GC Precious Log:
 CardTable entry size: 512
 Card Set container configuration: InlinePtr #cards 5 size 8 Array Of Cards #cards 12 size 40 Howl #buckets 4 coarsen threshold 1843 Howl Bitmap #cards 512 size 80 coarsen threshold 460 Card regions per heap region 1 cards per card region 2048
 CPUs: 8 total, 8 available
 Memory: 16276M
 Large Page Support: Disabled
 NUMA Support: Disabled
 Compressed Oops: Enabled (32-bit)
 Heap Region Size: 1M
 Heap Min Capacity: 8M
 Heap Initial Capacity: 256M
 Heap Max Capacity: 2G
 Pre-touch: Disabled
 Parallel Workers: 8
 Concurrent Workers: 2
 Concurrent Refinement Workers: 8
 Periodic GC: Disabled
Heap:
 garbage-first heap   total 495616K, used 170945K [0x0000000080000000, 0x0000000100000000)
  region size 1024K, 26 young (26624K), 9 survivors (9216K)
 Metaspace       used 343103K, committed 345728K, reserved 1376256K
  class space    used 42543K, committed 43904K, reserved 1048576K
GC Heap History (20 events):
Event: 1235.439 GC heap before
{Heap before GC invocations=83 (full 0):
 garbage-first heap   total 739328K, used 400896K [0x0000000080000000, 0x0000000100000000)
  region size 1024K, 54 young (55296K), 5 survivors (5120K)
 Metaspace       used 301329K, committed 303936K, reserved 1376256K
  class space    used 37497K, committed 38848K, reserved 1048576K
}
Event: 1235.447 GC heap after
{Heap after GC invocations=84 (full 0):
 garbage-first heap   total 739328K, used 352491K [0x0000000080000000, 0x0000000100000000)
  region size 1024K, 5 young (5120K), 5 survivors (5120K)
 Metaspace       used 301329K, committed 303936K, reserved 1376256K
  class space    used 37497K, committed 38848K, reserved 1048576K
}
Event: 1567.688 GC heap before
{Heap before GC invocations=85 (full 0):
 garbage-first heap   total 739328K, used 644331K [0x0000000080000000, 0x0000000100000000)
  region size 1024K, 218 young (223232K), 5 survivors (5120K)
 Metaspace       used 301672K, committed 304256K, reserved 1376256K
  class space    used 37503K, committed 38848K, reserved 1048576K
}
Event: 1567.701 GC heap after
{Heap after GC invocations=86 (full 0):
 garbage-first heap   total 739328K, used 292311K [0x0000000080000000, 0x0000000100000000)
  region size 1024K, 14 young (14336K), 14 survivors (14336K)
 Metaspace       used 301672K, committed 304256K, reserved 1376256K
  class space    used 37503K, committed 38848K, reserved 1048576K
}
Event: 1571.596 GC heap before
{Heap before GC invocations=86 (full 0):
 garbage-first heap   total 739328K, used 571863K [0x0000000080000000, 0x0000000100000000)
  region size 1024K, 282 young (288768K), 14 survivors (14336K)
 Metaspace       used 312459K, committed 315136K, reserved 1376256K
  class space    used 38707K, committed 40064K, reserved 1048576K
}
Event: 1571.622 GC heap after
{Heap after GC invocations=87 (full 0):
 garbage-first heap   total 739328K, used 256450K [0x0000000080000000, 0x0000000100000000)
  region size 1024K, 36 young (36864K), 36 survivors (36864K)
 Metaspace       used 312459K, committed 315136K, reserved 1376256K
  class space    used 38707K, committed 40064K, reserved 1048576K
}
Event: 1573.137 GC heap before
{Heap before GC invocations=87 (full 0):
 garbage-first heap   total 739328K, used 566722K [0x0000000080000000, 0x0000000100000000)
  region size 1024K, 339 young (347136K), 36 survivors (36864K)
 Metaspace       used 327054K, committed 329728K, reserved 1376256K
  class space    used 40552K, committed 41920K, reserved 1048576K
}
Event: 1573.209 GC heap after
{Heap after GC invocations=88 (full 0):
 garbage-first heap   total 739328K, used 359424K [0x0000000080000000, 0x0000000100000000)
  region size 1024K, 43 young (44032K), 43 survivors (44032K)
 Metaspace       used 327054K, committed 329728K, reserved 1376256K
  class space    used 40552K, committed 41920K, reserved 1048576K
}
Event: 1573.700 GC heap before
{Heap before GC invocations=88 (full 0):
 garbage-first heap   total 739328K, used 561152K [0x0000000080000000, 0x0000000100000000)
  region size 1024K, 240 young (245760K), 43 survivors (44032K)
 Metaspace       used 327242K, committed 329856K, reserved 1376256K
  class space    used 40571K, committed 41920K, reserved 1048576K
}
Event: 1573.718 GC heap after
{Heap after GC invocations=89 (full 0):
 garbage-first heap   total 739328K, used 357376K [0x0000000080000000, 0x0000000100000000)
  region size 1024K, 7 young (7168K), 7 survivors (7168K)
 Metaspace       used 327242K, committed 329856K, reserved 1376256K
  class space    used 40571K, committed 41920K, reserved 1048576K
}
Event: 1580.310 GC heap before
{Heap before GC invocations=90 (full 0):
 garbage-first heap   total 739328K, used 577536K [0x0000000080000000, 0x0000000100000000)
  region size 1024K, 219 young (224256K), 7 survivors (7168K)
 Metaspace       used 333911K, committed 336512K, reserved 1376256K
  class space    used 41191K, committed 42560K, reserved 1048576K
}
Event: 1580.325 GC heap after
{Heap after GC invocations=91 (full 0):
 garbage-first heap   total 739328K, used 374688K [0x0000000080000000, 0x0000000100000000)
  region size 1024K, 26 young (26624K), 26 survivors (26624K)
 Metaspace       used 333911K, committed 336512K, reserved 1376256K
  class space    used 41191K, committed 42560K, reserved 1048576K
}
Event: 1581.995 GC heap before
{Heap before GC invocations=91 (full 0):
 garbage-first heap   total 739328K, used 596896K [0x0000000080000000, 0x0000000100000000)
  region size 1024K, 240 young (245760K), 26 survivors (26624K)
 Metaspace       used 343075K, committed 345728K, reserved 1376256K
  class space    used 42520K, committed 43904K, reserved 1048576K
}
Event: 1582.017 GC heap after
{Heap after GC invocations=92 (full 0):
 garbage-first heap   total 739328K, used 343040K [0x0000000080000000, 0x0000000100000000)
  region size 1024K, 11 young (11264K), 11 survivors (11264K)
 Metaspace       used 343075K, committed 345728K, reserved 1376256K
  class space    used 42520K, committed 43904K, reserved 1048576K
}
Event: 1582.777 GC heap before
{Heap before GC invocations=92 (full 0):
 garbage-first heap   total 739328K, used 445440K [0x0000000080000000, 0x0000000100000000)
  region size 1024K, 113 young (115712K), 11 survivors (11264K)
 Metaspace       used 343078K, committed 345728K, reserved 1376256K
  class space    used 42520K, committed 43904K, reserved 1048576K
}
Event: 1582.785 GC heap after
{Heap after GC invocations=93 (full 0):
 garbage-first heap   total 739328K, used 342528K [0x0000000080000000, 0x0000000100000000)
  region size 1024K, 11 young (11264K), 11 survivors (11264K)
 Metaspace       used 343078K, committed 345728K, reserved 1376256K
  class space    used 42520K, committed 43904K, reserved 1048576K
}
Event: 5183.156 GC heap before
{Heap before GC invocations=94 (full 0):
 garbage-first heap   total 739328K, used 571904K [0x0000000080000000, 0x0000000100000000)
  region size 1024K, 190 young (194560K), 11 survivors (11264K)
 Metaspace       used 342580K, committed 345344K, reserved 1376256K
  class space    used 42476K, committed 43904K, reserved 1048576K
}
Event: 5183.283 GC heap after
{Heap after GC invocations=95 (full 1):
 garbage-first heap   total 495616K, used 144654K [0x0000000080000000, 0x0000000100000000)
  region size 1024K, 0 young (0K), 0 survivors (0K)
 Metaspace       used 342580K, committed 345344K, reserved 1376256K
  class space    used 42476K, committed 43904K, reserved 1048576K
}
Event: 7036.721 GC heap before
{Heap before GC invocations=95 (full 1):
 garbage-first heap   total 495616K, used 294158K [0x0000000080000000, 0x0000000100000000)
  region size 1024K, 147 young (150528K), 0 survivors (0K)
 Metaspace       used 342825K, committed 345472K, reserved 1376256K
  class space    used 42499K, committed 43904K, reserved 1048576K
}
Event: 7036.734 GC heap after
{Heap after GC invocations=96 (full 1):
 garbage-first heap   total 495616K, used 153537K [0x0000000080000000, 0x0000000100000000)
  region size 1024K, 9 young (9216K), 9 survivors (9216K)
 Metaspace       used 342825K, committed 345472K, reserved 1376256K
  class space    used 42499K, committed 43904K, reserved 1048576K
}

